2025-09-22 10:21:29 [restartedMain] INFO  c.b.BrokerWalletBackendApplication - Starting BrokerWalletBackendApplication using Java 21.0.8 with PID 3892 (D:\brokerwallet\BrokerWallet-backend\target\classes started by wanweijie in D:\brokerwallet\BrokerWallet-backend)
2025-09-22 10:21:29 [restartedMain] DEBUG c.b.BrokerWalletBackendApplication - Running with Spring Boot v3.2.0, Spring v6.1.1
2025-09-22 10:21:29 [restartedMain] INFO  c.b.BrokerWalletBackendApplication - No active profile set, falling back to 1 default profile: "default"
2025-09-22 10:21:29 [restartedMain] INFO  o.s.b.d.e.DevToolsPropertyDefaultsPostProcessor - Devtools property defaults active! Set 'spring.devtools.add-properties' to 'false' to disable
2025-09-22 10:21:29 [restartedMain] INFO  o.s.b.d.e.DevToolsPropertyDefaultsPostProcessor - For additional web related logging consider setting the 'logging.level.web' property to 'DEBUG'
2025-09-22 10:21:32 [restartedMain] INFO  o.s.d.r.c.RepositoryConfigurationDelegate - Bootstrapping Spring Data JPA repositories in DEFAULT mode.
2025-09-22 10:21:32 [restartedMain] INFO  o.s.d.r.c.RepositoryConfigurationDelegate - Finished Spring Data repository scanning in 170 ms. Found 3 JPA repository interfaces.
2025-09-22 10:21:33 [restartedMain] INFO  o.s.b.w.e.tomcat.TomcatWebServer - Tomcat initialized with port 5000 (http)
2025-09-22 10:21:33 [restartedMain] INFO  o.a.catalina.core.StandardService - Starting service [Tomcat]
2025-09-22 10:21:33 [restartedMain] INFO  o.a.catalina.core.StandardEngine - Starting Servlet engine: [Apache Tomcat/10.1.16]
2025-09-22 10:21:34 [restartedMain] INFO  o.a.c.c.C.[Tomcat].[localhost].[/] - Initializing Spring embedded WebApplicationContext
2025-09-22 10:21:34 [restartedMain] INFO  o.s.b.w.s.c.ServletWebServerApplicationContext - Root WebApplicationContext: initialization completed in 4305 ms
2025-09-22 10:21:34 [restartedMain] INFO  o.h.jpa.internal.util.LogHelper - HHH000204: Processing PersistenceUnitInfo [name: default]
2025-09-22 10:21:34 [restartedMain] INFO  org.hibernate.Version - HHH000412: Hibernate ORM core version 6.3.1.Final
2025-09-22 10:21:34 [restartedMain] INFO  o.h.c.i.RegionFactoryInitiator - HHH000026: Second-level cache disabled
2025-09-22 10:21:35 [restartedMain] INFO  o.s.o.j.p.SpringPersistenceUnitInfo - No LoadTimeWeaver setup: ignoring JPA class transformer
2025-09-22 10:21:35 [restartedMain] INFO  com.zaxxer.hikari.HikariDataSource - HikariPool-1 - Starting...
2025-09-22 10:21:36 [restartedMain] INFO  com.zaxxer.hikari.pool.HikariPool - HikariPool-1 - Added connection com.mysql.cj.jdbc.ConnectionImpl@1f27453a
2025-09-22 10:21:36 [restartedMain] INFO  com.zaxxer.hikari.HikariDataSource - HikariPool-1 - Start completed.
2025-09-22 10:21:36 [restartedMain] WARN  org.hibernate.orm.deprecation - HHH90000025: MySQL8Dialect does not need to be specified explicitly using 'hibernate.dialect' (remove the property setting and it will be selected by default)
2025-09-22 10:21:36 [restartedMain] WARN  org.hibernate.orm.deprecation - HHH90000026: MySQL8Dialect has been deprecated; use org.hibernate.dialect.MySQLDialect instead
2025-09-22 10:21:38 [restartedMain] INFO  o.h.e.t.j.p.i.JtaPlatformInitiator - HHH000489: No JTA platform available (set 'hibernate.transaction.jta.platform' to enable JTA platform integration)
2025-09-22 10:21:38 [restartedMain] INFO  o.s.o.j.LocalContainerEntityManagerFactoryBean - Initialized JPA EntityManagerFactory for persistence unit 'default'
2025-09-22 10:21:39 [restartedMain] INFO  o.s.d.j.r.query.QueryEnhancerFactory - Hibernate is in classpath; If applicable, HQL parser will be used.
2025-09-22 10:21:42 [restartedMain] INFO  com.brokerwallet.config.AsyncConfig - Creating file processor thread pool
2025-09-22 10:21:42 [restartedMain] INFO  com.brokerwallet.config.AsyncConfig - File processor thread pool created - Core: 2, Max: 5, Queue: 100
2025-09-22 10:21:42 [restartedMain] INFO  com.brokerwallet.config.AsyncConfig - Creating general async thread pool
2025-09-22 10:21:42 [restartedMain] INFO  com.brokerwallet.config.AsyncConfig - General async thread pool created - Core: 5, Max: 10, Queue: 200
2025-09-22 10:21:42 [restartedMain] WARN  o.s.b.a.o.j.JpaBaseConfiguration$JpaWebConfiguration - spring.jpa.open-in-view is enabled by default. Therefore, database queries may be performed during view rendering. Explicitly configure spring.jpa.open-in-view to disable this warning
2025-09-22 10:21:42 [restartedMain] DEBUG o.s.w.s.m.m.a.RequestMappingHandlerMapping - 32 mappings in 'requestMappingHandlerMapping'
2025-09-22 10:21:42 [restartedMain] DEBUG o.s.w.s.h.SimpleUrlHandlerMapping - Patterns [/webjars/**, /**] in 'resourceHandlerMapping'
2025-09-22 10:21:42 [restartedMain] DEBUG o.s.w.s.m.m.a.RequestMappingHandlerAdapter - ControllerAdvice beans: 0 @ModelAttribute, 0 @InitBinder, 1 RequestBodyAdvice, 1 ResponseBodyAdvice
2025-09-22 10:21:42 [restartedMain] DEBUG o.s.w.s.m.m.a.ExceptionHandlerExceptionResolver - ControllerAdvice beans: 0 @ExceptionHandler, 1 ResponseBodyAdvice
2025-09-22 10:21:42 [restartedMain] INFO  o.s.b.d.a.OptionalLiveReloadServer - LiveReload server is running on port 35729
2025-09-22 10:21:43 [restartedMain] INFO  o.s.b.w.e.tomcat.TomcatWebServer - Tomcat started on port 5000 (http) with context path ''
2025-09-22 10:21:43 [restartedMain] INFO  c.b.BrokerWalletBackendApplication - Started BrokerWalletBackendApplication in 14.605 seconds (process running for 16.201)
2025-09-22 10:23:43 [http-nio-5000-exec-1] INFO  o.a.c.c.C.[Tomcat].[localhost].[/] - Initializing Spring DispatcherServlet 'dispatcherServlet'
2025-09-22 10:23:43 [http-nio-5000-exec-1] INFO  o.s.web.servlet.DispatcherServlet - Initializing Servlet 'dispatcherServlet'
2025-09-22 10:23:43 [http-nio-5000-exec-1] DEBUG o.s.web.servlet.DispatcherServlet - Detected StandardServletMultipartResolver
2025-09-22 10:23:43 [http-nio-5000-exec-1] DEBUG o.s.web.servlet.DispatcherServlet - Detected AcceptHeaderLocaleResolver
2025-09-22 10:23:43 [http-nio-5000-exec-1] DEBUG o.s.web.servlet.DispatcherServlet - Detected FixedThemeResolver
2025-09-22 10:23:43 [http-nio-5000-exec-1] DEBUG o.s.web.servlet.DispatcherServlet - Detected org.springframework.web.servlet.view.DefaultRequestToViewNameTranslator@32b620c1
2025-09-22 10:23:43 [http-nio-5000-exec-1] DEBUG o.s.web.servlet.DispatcherServlet - Detected org.springframework.web.servlet.support.SessionFlashMapManager@8d8f2de
2025-09-22 10:23:43 [http-nio-5000-exec-1] DEBUG o.s.web.servlet.DispatcherServlet - enableLoggingRequestDetails='false': request parameters and headers will be masked to prevent unsafe logging of potentially sensitive data
2025-09-22 10:23:43 [http-nio-5000-exec-1] INFO  o.s.web.servlet.DispatcherServlet - Completed initialization in 12 ms
2025-09-22 10:23:43 [http-nio-5000-exec-1] DEBUG o.s.web.servlet.DispatcherServlet - OPTIONS "/api/admin/pending-users?page=1&limit=10", parameters={masked}
2025-09-22 10:23:43 [http-nio-5000-exec-1] DEBUG o.s.w.s.m.m.a.RequestMappingHandlerMapping - Mapped to com.brokerwallet.controller.AdminController#getPendingUsers(int, int)
2025-09-22 10:23:43 [http-nio-5000-exec-1] DEBUG o.s.web.servlet.DispatcherServlet - Completed 200 OK
2025-09-22 10:23:43 [http-nio-5000-exec-2] DEBUG o.s.web.servlet.DispatcherServlet - GET "/api/admin/pending-users?page=1&limit=10", parameters={masked}
2025-09-22 10:23:43 [http-nio-5000-exec-2] DEBUG o.s.w.s.m.m.a.RequestMappingHandlerMapping - Mapped to com.brokerwallet.controller.AdminController#getPendingUsers(int, int)
2025-09-22 10:23:43 [http-nio-5000-exec-2] INFO  c.b.controller.AdminController - 获取待审核文件列表: page=1, limit=10
2025-09-22 10:23:44 [http-nio-5000-exec-2] DEBUG org.hibernate.SQL - 
    select
        pf1_0.id,
        pf1_0.audit_status,
        pf1_0.audit_time,
        pf1_0.file_hash,
        pf1_0.file_name,
        pf1_0.file_path,
        pf1_0.file_size,
        pf1_0.file_type,
        pf1_0.medal_award_time,
        pf1_0.medal_awarded,
        pf1_0.medal_transaction_hash,
        pf1_0.original_name,
        pf1_0.status,
        pf1_0.upload_time,
        pf1_0.user_account_id 
    from
        proof_files pf1_0 
    where
        pf1_0.audit_status=? 
    order by
        pf1_0.upload_time desc 
    limit
        ?, ?
2025-09-22 10:23:44 [http-nio-5000-exec-2] DEBUG org.hibernate.SQL - 
    select
        ua1_0.id,
        ua1_0.admin_approved_display,
        ua1_0.blockchain_bronze_medals,
        ua1_0.blockchain_gold_medals,
        ua1_0.blockchain_silver_medals,
        ua1_0.blockchain_sync_time,
        ua1_0.bronze_medals,
        ua1_0.create_time,
        ua1_0.display_name,
        ua1_0.gold_medals,
        ua1_0.representative_work,
        ua1_0.show_representative_work,
        ua1_0.silver_medals,
        ua1_0.status,
        ua1_0.total_nfts,
        ua1_0.total_proofs,
        ua1_0.update_time,
        ua1_0.verified_proofs,
        ua1_0.wallet_address 
    from
        user_accounts ua1_0 
    where
        ua1_0.id=?
2025-09-22 10:23:44 [http-nio-5000-exec-2] INFO  c.b.controller.AdminController - 成功获取4条待审核文件
2025-09-22 10:23:44 [http-nio-5000-exec-2] DEBUG o.s.w.s.m.m.a.HttpEntityMethodProcessor - Using 'application/json', given [application/json, text/plain, */*] and supported [application/json, application/*+json]
2025-09-22 10:23:44 [http-nio-5000-exec-2] DEBUG o.s.w.s.m.m.a.HttpEntityMethodProcessor - Writing [{total=4, code=1, success=true, totalPages=1, message=获取成功, currentPage=1, users=[{fileName=1da96061 (truncated)...]
2025-09-22 10:23:44 [http-nio-5000-exec-2] DEBUG o.s.web.servlet.DispatcherServlet - Completed 200 OK
2025-09-22 10:24:53 [http-nio-5000-exec-4] DEBUG o.s.web.servlet.DispatcherServlet - OPTIONS "/api/upload/user/submissions?walletAddress=8c056ccb92c567da3fee27c23d4f2f107f203879&page=0&size=50", parameters={masked}
2025-09-22 10:24:53 [http-nio-5000-exec-4] DEBUG o.s.w.s.m.m.a.RequestMappingHandlerMapping - Mapped to com.brokerwallet.controller.FileUploadController#getUserSubmissions(String, int, int)
2025-09-22 10:24:53 [http-nio-5000-exec-4] DEBUG o.s.web.servlet.DispatcherServlet - Completed 200 OK
2025-09-22 10:24:53 [http-nio-5000-exec-5] DEBUG o.s.web.servlet.DispatcherServlet - GET "/api/upload/user/submissions?walletAddress=8c056ccb92c567da3fee27c23d4f2f107f203879&page=0&size=50", parameters={masked}
2025-09-22 10:24:53 [http-nio-5000-exec-5] DEBUG o.s.w.s.m.m.a.RequestMappingHandlerMapping - Mapped to com.brokerwallet.controller.FileUploadController#getUserSubmissions(String, int, int)
2025-09-22 10:24:53 [http-nio-5000-exec-5] DEBUG o.s.web.servlet.DispatcherServlet - Failed to complete request: jakarta.servlet.ServletException: Handler dispatch failed: java.lang.Error: Unresolved compilation problem: 
	The method findByProofFileId(Long) is undefined for the type NftImageRepository

2025-09-22 10:24:53 [http-nio-5000-exec-5] ERROR o.a.c.c.C.[.[.[.[dispatcherServlet] - Servlet.service() for servlet [dispatcherServlet] in context with path [] threw exception [Handler dispatch failed: java.lang.Error: Unresolved compilation problem: 
	The method findByProofFileId(Long) is undefined for the type NftImageRepository
] with root cause
java.lang.Error: Unresolved compilation problem: 
	The method findByProofFileId(Long) is undefined for the type NftImageRepository

	at com.brokerwallet.controller.FileUploadController.getUserSubmissions(FileUploadController.java:355)
	at java.base/jdk.internal.reflect.DirectMethodHandleAccessor.invoke(DirectMethodHandleAccessor.java:103)
	at java.base/java.lang.reflect.Method.invoke(Method.java:580)
	at org.springframework.web.method.support.InvocableHandlerMethod.doInvoke(InvocableHandlerMethod.java:254)
	at org.springframework.web.method.support.InvocableHandlerMethod.invokeForRequest(InvocableHandlerMethod.java:182)
	at org.springframework.web.servlet.mvc.method.annotation.ServletInvocableHandlerMethod.invokeAndHandle(ServletInvocableHandlerMethod.java:118)
	at org.springframework.web.servlet.mvc.method.annotation.RequestMappingHandlerAdapter.invokeHandlerMethod(RequestMappingHandlerAdapter.java:917)
	at org.springframework.web.servlet.mvc.method.annotation.RequestMappingHandlerAdapter.handleInternal(RequestMappingHandlerAdapter.java:829)
	at org.springframework.web.servlet.mvc.method.AbstractHandlerMethodAdapter.handle(AbstractHandlerMethodAdapter.java:87)
	at org.springframework.web.servlet.DispatcherServlet.doDispatch(DispatcherServlet.java:1089)
	at org.springframework.web.servlet.DispatcherServlet.doService(DispatcherServlet.java:979)
	at org.springframework.web.servlet.FrameworkServlet.processRequest(FrameworkServlet.java:1014)
	at org.springframework.web.servlet.FrameworkServlet.doGet(FrameworkServlet.java:903)
	at jakarta.servlet.http.HttpServlet.service(HttpServlet.java:564)
	at org.springframework.web.servlet.FrameworkServlet.service(FrameworkServlet.java:885)
	at jakarta.servlet.http.HttpServlet.service(HttpServlet.java:658)
	at org.apache.catalina.core.ApplicationFilterChain.internalDoFilter(ApplicationFilterChain.java:205)
	at org.apache.catalina.core.ApplicationFilterChain.doFilter(ApplicationFilterChain.java:149)
	at org.apache.tomcat.websocket.server.WsFilter.doFilter(WsFilter.java:51)
	at org.apache.catalina.core.ApplicationFilterChain.internalDoFilter(ApplicationFilterChain.java:174)
	at org.apache.catalina.core.ApplicationFilterChain.doFilter(ApplicationFilterChain.java:149)
	at org.springframework.web.filter.RequestContextFilter.doFilterInternal(RequestContextFilter.java:100)
	at org.springframework.web.filter.OncePerRequestFilter.doFilter(OncePerRequestFilter.java:116)
	at org.apache.catalina.core.ApplicationFilterChain.internalDoFilter(ApplicationFilterChain.java:174)
	at org.apache.catalina.core.ApplicationFilterChain.doFilter(ApplicationFilterChain.java:149)
	at org.springframework.web.filter.FormContentFilter.doFilterInternal(FormContentFilter.java:93)
	at org.springframework.web.filter.OncePerRequestFilter.doFilter(OncePerRequestFilter.java:116)
	at org.apache.catalina.core.ApplicationFilterChain.internalDoFilter(ApplicationFilterChain.java:174)
	at org.apache.catalina.core.ApplicationFilterChain.doFilter(ApplicationFilterChain.java:149)
	at org.springframework.web.filter.CharacterEncodingFilter.doFilterInternal(CharacterEncodingFilter.java:201)
	at org.springframework.web.filter.OncePerRequestFilter.doFilter(OncePerRequestFilter.java:116)
	at org.apache.catalina.core.ApplicationFilterChain.internalDoFilter(ApplicationFilterChain.java:174)
	at org.apache.catalina.core.ApplicationFilterChain.doFilter(ApplicationFilterChain.java:149)
	at org.apache.catalina.core.StandardWrapperValve.invoke(StandardWrapperValve.java:167)
	at org.apache.catalina.core.StandardContextValve.invoke(StandardContextValve.java:90)
	at org.apache.catalina.authenticator.AuthenticatorBase.invoke(AuthenticatorBase.java:482)
	at org.apache.catalina.core.StandardHostValve.invoke(StandardHostValve.java:115)
	at org.apache.catalina.valves.ErrorReportValve.invoke(ErrorReportValve.java:93)
	at org.apache.catalina.core.StandardEngineValve.invoke(StandardEngineValve.java:74)
	at org.apache.catalina.connector.CoyoteAdapter.service(CoyoteAdapter.java:340)
	at org.apache.coyote.http11.Http11Processor.service(Http11Processor.java:391)
	at org.apache.coyote.AbstractProcessorLight.process(AbstractProcessorLight.java:63)
	at org.apache.coyote.AbstractProtocol$ConnectionHandler.process(AbstractProtocol.java:896)
	at org.apache.tomcat.util.net.NioEndpoint$SocketProcessor.doRun(NioEndpoint.java:1744)
	at org.apache.tomcat.util.net.SocketProcessorBase.run(SocketProcessorBase.java:52)
	at org.apache.tomcat.util.threads.ThreadPoolExecutor.runWorker(ThreadPoolExecutor.java:1191)
	at org.apache.tomcat.util.threads.ThreadPoolExecutor$Worker.run(ThreadPoolExecutor.java:659)
	at org.apache.tomcat.util.threads.TaskThread$WrappingRunnable.run(TaskThread.java:61)
	at java.base/java.lang.Thread.run(Thread.java:1583)
2025-09-22 10:24:53 [http-nio-5000-exec-5] DEBUG o.s.web.servlet.DispatcherServlet - "ERROR" dispatch for GET "/error?walletAddress=8c056ccb92c567da3fee27c23d4f2f107f203879&page=0&size=50", parameters={masked}
2025-09-22 10:24:53 [http-nio-5000-exec-5] DEBUG o.s.w.s.m.m.a.RequestMappingHandlerMapping - Mapped to org.springframework.boot.autoconfigure.web.servlet.error.BasicErrorController#error(HttpServletRequest)
2025-09-22 10:24:53 [http-nio-5000-exec-5] DEBUG o.s.w.s.m.m.a.HttpEntityMethodProcessor - Using 'application/json', given [application/json, text/plain, */*] and supported [application/json, application/*+json]
2025-09-22 10:24:53 [http-nio-5000-exec-5] DEBUG o.s.w.s.m.m.a.HttpEntityMethodProcessor - Writing [{timestamp=Mon Sep 22 10:24:53 CST 2025, status=500, error=Internal Server Error, trace=java.lang.Er (truncated)...]
2025-09-22 10:24:54 [http-nio-5000-exec-5] DEBUG o.s.web.servlet.DispatcherServlet - Exiting from "ERROR" dispatch, status 500
2025-09-22 10:25:56 [File Watcher] INFO  o.s.b.d.a.LocalDevToolsAutoConfiguration$RestartingClassPathChangeChangedEventListener - Restarting due to 2 class path changes (0 additions, 0 deletions, 2 modifications)
2025-09-22 10:25:56 [Thread-5] INFO  o.s.o.j.LocalContainerEntityManagerFactoryBean - Closing JPA EntityManagerFactory for persistence unit 'default'
2025-09-22 10:25:56 [Thread-5] INFO  com.zaxxer.hikari.HikariDataSource - HikariPool-1 - Shutdown initiated...
2025-09-22 10:25:56 [Thread-5] INFO  com.zaxxer.hikari.HikariDataSource - HikariPool-1 - Shutdown completed.
2025-09-22 10:25:56 [restartedMain] INFO  c.b.BrokerWalletBackendApplication - Starting BrokerWalletBackendApplication using Java 21.0.8 with PID 3892 (D:\brokerwallet\BrokerWallet-backend\target\classes started by wanweijie in D:\brokerwallet\BrokerWallet-backend)
2025-09-22 10:25:56 [restartedMain] DEBUG c.b.BrokerWalletBackendApplication - Running with Spring Boot v3.2.0, Spring v6.1.1
2025-09-22 10:25:56 [restartedMain] INFO  c.b.BrokerWalletBackendApplication - No active profile set, falling back to 1 default profile: "default"
2025-09-22 10:25:56 [restartedMain] INFO  o.s.d.r.c.RepositoryConfigurationDelegate - Bootstrapping Spring Data JPA repositories in DEFAULT mode.
2025-09-22 10:25:56 [restartedMain] INFO  o.s.d.r.c.RepositoryConfigurationDelegate - Finished Spring Data repository scanning in 41 ms. Found 3 JPA repository interfaces.
2025-09-22 10:25:57 [restartedMain] INFO  o.s.b.w.e.tomcat.TomcatWebServer - Tomcat initialized with port 5000 (http)
2025-09-22 10:25:57 [restartedMain] INFO  o.a.catalina.core.StandardService - Starting service [Tomcat]
2025-09-22 10:25:57 [restartedMain] INFO  o.a.catalina.core.StandardEngine - Starting Servlet engine: [Apache Tomcat/10.1.16]
2025-09-22 10:25:57 [restartedMain] INFO  o.a.c.c.C.[Tomcat].[localhost].[/] - Initializing Spring embedded WebApplicationContext
2025-09-22 10:25:57 [restartedMain] INFO  o.s.b.w.s.c.ServletWebServerApplicationContext - Root WebApplicationContext: initialization completed in 941 ms
2025-09-22 10:25:57 [restartedMain] INFO  o.h.jpa.internal.util.LogHelper - HHH000204: Processing PersistenceUnitInfo [name: default]
2025-09-22 10:25:57 [restartedMain] INFO  o.h.c.i.RegionFactoryInitiator - HHH000026: Second-level cache disabled
2025-09-22 10:25:57 [restartedMain] INFO  o.s.o.j.p.SpringPersistenceUnitInfo - No LoadTimeWeaver setup: ignoring JPA class transformer
2025-09-22 10:25:57 [restartedMain] INFO  com.zaxxer.hikari.HikariDataSource - HikariPool-2 - Starting...
2025-09-22 10:25:57 [restartedMain] INFO  com.zaxxer.hikari.pool.HikariPool - HikariPool-2 - Added connection com.mysql.cj.jdbc.ConnectionImpl@2a4ff0e0
2025-09-22 10:25:57 [restartedMain] INFO  com.zaxxer.hikari.HikariDataSource - HikariPool-2 - Start completed.
2025-09-22 10:25:57 [restartedMain] WARN  org.hibernate.orm.deprecation - HHH90000025: MySQL8Dialect does not need to be specified explicitly using 'hibernate.dialect' (remove the property setting and it will be selected by default)
2025-09-22 10:25:57 [restartedMain] WARN  org.hibernate.orm.deprecation - HHH90000026: MySQL8Dialect has been deprecated; use org.hibernate.dialect.MySQLDialect instead
2025-09-22 10:25:57 [restartedMain] INFO  o.h.e.t.j.p.i.JtaPlatformInitiator - HHH000489: No JTA platform available (set 'hibernate.transaction.jta.platform' to enable JTA platform integration)
2025-09-22 10:25:57 [restartedMain] INFO  o.s.o.j.LocalContainerEntityManagerFactoryBean - Initialized JPA EntityManagerFactory for persistence unit 'default'
2025-09-22 10:25:58 [restartedMain] INFO  com.brokerwallet.config.AsyncConfig - Creating file processor thread pool
2025-09-22 10:25:58 [restartedMain] INFO  com.brokerwallet.config.AsyncConfig - File processor thread pool created - Core: 2, Max: 5, Queue: 100
2025-09-22 10:25:58 [restartedMain] INFO  com.brokerwallet.config.AsyncConfig - Creating general async thread pool
2025-09-22 10:25:58 [restartedMain] INFO  com.brokerwallet.config.AsyncConfig - General async thread pool created - Core: 5, Max: 10, Queue: 200
2025-09-22 10:25:58 [restartedMain] WARN  o.s.b.a.o.j.JpaBaseConfiguration$JpaWebConfiguration - spring.jpa.open-in-view is enabled by default. Therefore, database queries may be performed during view rendering. Explicitly configure spring.jpa.open-in-view to disable this warning
2025-09-22 10:25:58 [restartedMain] DEBUG o.s.w.s.m.m.a.RequestMappingHandlerMapping - 32 mappings in 'requestMappingHandlerMapping'
2025-09-22 10:25:58 [restartedMain] DEBUG o.s.w.s.h.SimpleUrlHandlerMapping - Patterns [/webjars/**, /**] in 'resourceHandlerMapping'
2025-09-22 10:25:58 [restartedMain] DEBUG o.s.w.s.m.m.a.RequestMappingHandlerAdapter - ControllerAdvice beans: 0 @ModelAttribute, 0 @InitBinder, 1 RequestBodyAdvice, 1 ResponseBodyAdvice
2025-09-22 10:25:58 [restartedMain] DEBUG o.s.w.s.m.m.a.ExceptionHandlerExceptionResolver - ControllerAdvice beans: 0 @ExceptionHandler, 1 ResponseBodyAdvice
2025-09-22 10:25:58 [restartedMain] INFO  o.s.b.d.a.OptionalLiveReloadServer - LiveReload server is running on port 35729
2025-09-22 10:25:58 [restartedMain] INFO  o.s.b.w.e.tomcat.TomcatWebServer - Tomcat started on port 5000 (http) with context path ''
2025-09-22 10:25:58 [restartedMain] INFO  c.b.BrokerWalletBackendApplication - Started BrokerWalletBackendApplication in 2.654 seconds (process running for 272.113)
2025-09-22 10:25:58 [restartedMain] INFO  o.s.b.d.a.ConditionEvaluationDeltaLoggingListener - Condition evaluation unchanged
2025-09-22 10:26:08 [File Watcher] INFO  o.s.b.d.a.LocalDevToolsAutoConfiguration$RestartingClassPathChangeChangedEventListener - Restarting due to 1 class path change (0 additions, 0 deletions, 1 modification)
2025-09-22 10:26:08 [Thread-7] INFO  o.s.o.j.LocalContainerEntityManagerFactoryBean - Closing JPA EntityManagerFactory for persistence unit 'default'
2025-09-22 10:26:08 [Thread-7] INFO  com.zaxxer.hikari.HikariDataSource - HikariPool-2 - Shutdown initiated...
2025-09-22 10:26:08 [Thread-7] INFO  com.zaxxer.hikari.HikariDataSource - HikariPool-2 - Shutdown completed.
2025-09-22 10:26:08 [restartedMain] INFO  c.b.BrokerWalletBackendApplication - Starting BrokerWalletBackendApplication using Java 21.0.8 with PID 3892 (D:\brokerwallet\BrokerWallet-backend\target\classes started by wanweijie in D:\brokerwallet\BrokerWallet-backend)
2025-09-22 10:26:08 [restartedMain] DEBUG c.b.BrokerWalletBackendApplication - Running with Spring Boot v3.2.0, Spring v6.1.1
2025-09-22 10:26:08 [restartedMain] INFO  c.b.BrokerWalletBackendApplication - No active profile set, falling back to 1 default profile: "default"
2025-09-22 10:26:09 [restartedMain] INFO  o.s.d.r.c.RepositoryConfigurationDelegate - Bootstrapping Spring Data JPA repositories in DEFAULT mode.
2025-09-22 10:26:09 [restartedMain] INFO  o.s.d.r.c.RepositoryConfigurationDelegate - Finished Spring Data repository scanning in 27 ms. Found 3 JPA repository interfaces.
2025-09-22 10:26:09 [restartedMain] INFO  o.s.b.w.e.tomcat.TomcatWebServer - Tomcat initialized with port 5000 (http)
2025-09-22 10:26:09 [restartedMain] INFO  o.a.catalina.core.StandardService - Starting service [Tomcat]
2025-09-22 10:26:09 [restartedMain] INFO  o.a.catalina.core.StandardEngine - Starting Servlet engine: [Apache Tomcat/10.1.16]
2025-09-22 10:26:09 [restartedMain] INFO  o.a.c.c.C.[Tomcat].[localhost].[/] - Initializing Spring embedded WebApplicationContext
2025-09-22 10:26:09 [restartedMain] INFO  o.s.b.w.s.c.ServletWebServerApplicationContext - Root WebApplicationContext: initialization completed in 648 ms
2025-09-22 10:26:09 [restartedMain] INFO  o.h.jpa.internal.util.LogHelper - HHH000204: Processing PersistenceUnitInfo [name: default]
2025-09-22 10:26:09 [restartedMain] INFO  o.h.c.i.RegionFactoryInitiator - HHH000026: Second-level cache disabled
2025-09-22 10:26:09 [restartedMain] INFO  o.s.o.j.p.SpringPersistenceUnitInfo - No LoadTimeWeaver setup: ignoring JPA class transformer
2025-09-22 10:26:09 [restartedMain] INFO  com.zaxxer.hikari.HikariDataSource - HikariPool-3 - Starting...
2025-09-22 10:26:09 [restartedMain] INFO  com.zaxxer.hikari.pool.HikariPool - HikariPool-3 - Added connection com.mysql.cj.jdbc.ConnectionImpl@7cd5332d
2025-09-22 10:26:09 [restartedMain] INFO  com.zaxxer.hikari.HikariDataSource - HikariPool-3 - Start completed.
2025-09-22 10:26:09 [restartedMain] WARN  org.hibernate.orm.deprecation - HHH90000025: MySQL8Dialect does not need to be specified explicitly using 'hibernate.dialect' (remove the property setting and it will be selected by default)
2025-09-22 10:26:09 [restartedMain] WARN  org.hibernate.orm.deprecation - HHH90000026: MySQL8Dialect has been deprecated; use org.hibernate.dialect.MySQLDialect instead
2025-09-22 10:26:09 [restartedMain] INFO  o.h.e.t.j.p.i.JtaPlatformInitiator - HHH000489: No JTA platform available (set 'hibernate.transaction.jta.platform' to enable JTA platform integration)
2025-09-22 10:26:09 [restartedMain] INFO  o.s.o.j.LocalContainerEntityManagerFactoryBean - Initialized JPA EntityManagerFactory for persistence unit 'default'
2025-09-22 10:26:10 [restartedMain] INFO  com.brokerwallet.config.AsyncConfig - Creating file processor thread pool
2025-09-22 10:26:10 [restartedMain] INFO  com.brokerwallet.config.AsyncConfig - File processor thread pool created - Core: 2, Max: 5, Queue: 100
2025-09-22 10:26:10 [restartedMain] INFO  com.brokerwallet.config.AsyncConfig - Creating general async thread pool
2025-09-22 10:26:10 [restartedMain] INFO  com.brokerwallet.config.AsyncConfig - General async thread pool created - Core: 5, Max: 10, Queue: 200
2025-09-22 10:26:10 [restartedMain] WARN  o.s.b.a.o.j.JpaBaseConfiguration$JpaWebConfiguration - spring.jpa.open-in-view is enabled by default. Therefore, database queries may be performed during view rendering. Explicitly configure spring.jpa.open-in-view to disable this warning
2025-09-22 10:26:10 [restartedMain] DEBUG o.s.w.s.m.m.a.RequestMappingHandlerMapping - 32 mappings in 'requestMappingHandlerMapping'
2025-09-22 10:26:10 [restartedMain] DEBUG o.s.w.s.h.SimpleUrlHandlerMapping - Patterns [/webjars/**, /**] in 'resourceHandlerMapping'
2025-09-22 10:26:10 [restartedMain] DEBUG o.s.w.s.m.m.a.RequestMappingHandlerAdapter - ControllerAdvice beans: 0 @ModelAttribute, 0 @InitBinder, 1 RequestBodyAdvice, 1 ResponseBodyAdvice
2025-09-22 10:26:10 [restartedMain] DEBUG o.s.w.s.m.m.a.ExceptionHandlerExceptionResolver - ControllerAdvice beans: 0 @ExceptionHandler, 1 ResponseBodyAdvice
2025-09-22 10:26:10 [restartedMain] INFO  o.s.b.d.a.OptionalLiveReloadServer - LiveReload server is running on port 35729
2025-09-22 10:26:10 [restartedMain] INFO  o.s.b.w.e.tomcat.TomcatWebServer - Tomcat started on port 5000 (http) with context path ''
2025-09-22 10:26:10 [restartedMain] INFO  c.b.BrokerWalletBackendApplication - Started BrokerWalletBackendApplication in 2.076 seconds (process running for 284.029)
2025-09-22 10:26:10 [restartedMain] INFO  o.s.b.d.a.ConditionEvaluationDeltaLoggingListener - Condition evaluation unchanged
2025-09-22 10:26:17 [SpringApplicationShutdownHook] INFO  o.s.o.j.LocalContainerEntityManagerFactoryBean - Closing JPA EntityManagerFactory for persistence unit 'default'
2025-09-22 10:26:17 [SpringApplicationShutdownHook] INFO  com.zaxxer.hikari.HikariDataSource - HikariPool-3 - Shutdown initiated...
2025-09-22 10:26:17 [SpringApplicationShutdownHook] INFO  com.zaxxer.hikari.HikariDataSource - HikariPool-3 - Shutdown completed.
2025-09-22 10:26:53 [restartedMain] INFO  c.b.BrokerWalletBackendApplication - Starting BrokerWalletBackendApplication using Java 21.0.8 with PID 17072 (D:\brokerwallet\BrokerWallet-backend\target\classes started by wanweijie in D:\brokerwallet\BrokerWallet-backend)
2025-09-22 10:26:53 [restartedMain] DEBUG c.b.BrokerWalletBackendApplication - Running with Spring Boot v3.2.0, Spring v6.1.1
2025-09-22 10:26:53 [restartedMain] INFO  c.b.BrokerWalletBackendApplication - No active profile set, falling back to 1 default profile: "default"
2025-09-22 10:26:53 [restartedMain] INFO  o.s.b.d.e.DevToolsPropertyDefaultsPostProcessor - Devtools property defaults active! Set 'spring.devtools.add-properties' to 'false' to disable
2025-09-22 10:26:53 [restartedMain] INFO  o.s.b.d.e.DevToolsPropertyDefaultsPostProcessor - For additional web related logging consider setting the 'logging.level.web' property to 'DEBUG'
2025-09-22 10:26:54 [restartedMain] INFO  o.s.d.r.c.RepositoryConfigurationDelegate - Bootstrapping Spring Data JPA repositories in DEFAULT mode.
2025-09-22 10:26:54 [restartedMain] INFO  o.s.d.r.c.RepositoryConfigurationDelegate - Finished Spring Data repository scanning in 150 ms. Found 3 JPA repository interfaces.
2025-09-22 10:26:56 [restartedMain] INFO  o.s.b.w.e.tomcat.TomcatWebServer - Tomcat initialized with port 5000 (http)
2025-09-22 10:26:56 [restartedMain] INFO  o.a.catalina.core.StandardService - Starting service [Tomcat]
2025-09-22 10:26:56 [restartedMain] INFO  o.a.catalina.core.StandardEngine - Starting Servlet engine: [Apache Tomcat/10.1.16]
2025-09-22 10:26:56 [restartedMain] INFO  o.a.c.c.C.[Tomcat].[localhost].[/] - Initializing Spring embedded WebApplicationContext
2025-09-22 10:26:56 [restartedMain] INFO  o.s.b.w.s.c.ServletWebServerApplicationContext - Root WebApplicationContext: initialization completed in 3354 ms
2025-09-22 10:26:57 [restartedMain] INFO  o.h.jpa.internal.util.LogHelper - HHH000204: Processing PersistenceUnitInfo [name: default]
2025-09-22 10:26:57 [restartedMain] INFO  org.hibernate.Version - HHH000412: Hibernate ORM core version 6.3.1.Final
2025-09-22 10:26:57 [restartedMain] INFO  o.h.c.i.RegionFactoryInitiator - HHH000026: Second-level cache disabled
2025-09-22 10:26:57 [restartedMain] INFO  o.s.o.j.p.SpringPersistenceUnitInfo - No LoadTimeWeaver setup: ignoring JPA class transformer
2025-09-22 10:26:57 [restartedMain] INFO  com.zaxxer.hikari.HikariDataSource - HikariPool-1 - Starting...
2025-09-22 10:26:58 [restartedMain] INFO  com.zaxxer.hikari.pool.HikariPool - HikariPool-1 - Added connection com.mysql.cj.jdbc.ConnectionImpl@5107a07f
2025-09-22 10:26:58 [restartedMain] INFO  com.zaxxer.hikari.HikariDataSource - HikariPool-1 - Start completed.
2025-09-22 10:26:58 [restartedMain] WARN  org.hibernate.orm.deprecation - HHH90000025: MySQL8Dialect does not need to be specified explicitly using 'hibernate.dialect' (remove the property setting and it will be selected by default)
2025-09-22 10:26:58 [restartedMain] WARN  org.hibernate.orm.deprecation - HHH90000026: MySQL8Dialect has been deprecated; use org.hibernate.dialect.MySQLDialect instead
2025-09-22 10:27:00 [restartedMain] INFO  o.h.e.t.j.p.i.JtaPlatformInitiator - HHH000489: No JTA platform available (set 'hibernate.transaction.jta.platform' to enable JTA platform integration)
2025-09-22 10:27:00 [restartedMain] INFO  o.s.o.j.LocalContainerEntityManagerFactoryBean - Initialized JPA EntityManagerFactory for persistence unit 'default'
2025-09-22 10:27:01 [restartedMain] INFO  o.s.d.j.r.query.QueryEnhancerFactory - Hibernate is in classpath; If applicable, HQL parser will be used.
2025-09-22 10:27:03 [restartedMain] INFO  com.brokerwallet.config.AsyncConfig - Creating file processor thread pool
2025-09-22 10:27:03 [restartedMain] INFO  com.brokerwallet.config.AsyncConfig - File processor thread pool created - Core: 2, Max: 5, Queue: 100
2025-09-22 10:27:03 [restartedMain] INFO  com.brokerwallet.config.AsyncConfig - Creating general async thread pool
2025-09-22 10:27:03 [restartedMain] INFO  com.brokerwallet.config.AsyncConfig - General async thread pool created - Core: 5, Max: 10, Queue: 200
2025-09-22 10:27:03 [restartedMain] WARN  o.s.b.a.o.j.JpaBaseConfiguration$JpaWebConfiguration - spring.jpa.open-in-view is enabled by default. Therefore, database queries may be performed during view rendering. Explicitly configure spring.jpa.open-in-view to disable this warning
2025-09-22 10:27:03 [restartedMain] DEBUG o.s.w.s.m.m.a.RequestMappingHandlerMapping - 32 mappings in 'requestMappingHandlerMapping'
2025-09-22 10:27:03 [restartedMain] DEBUG o.s.w.s.h.SimpleUrlHandlerMapping - Patterns [/webjars/**, /**] in 'resourceHandlerMapping'
2025-09-22 10:27:03 [restartedMain] DEBUG o.s.w.s.m.m.a.RequestMappingHandlerAdapter - ControllerAdvice beans: 0 @ModelAttribute, 0 @InitBinder, 1 RequestBodyAdvice, 1 ResponseBodyAdvice
2025-09-22 10:27:03 [restartedMain] DEBUG o.s.w.s.m.m.a.ExceptionHandlerExceptionResolver - ControllerAdvice beans: 0 @ExceptionHandler, 1 ResponseBodyAdvice
2025-09-22 10:27:03 [restartedMain] INFO  o.s.b.d.a.OptionalLiveReloadServer - LiveReload server is running on port 35729
2025-09-22 10:27:04 [restartedMain] INFO  o.s.b.w.e.tomcat.TomcatWebServer - Tomcat started on port 5000 (http) with context path ''
2025-09-22 10:27:04 [restartedMain] INFO  c.b.BrokerWalletBackendApplication - Started BrokerWalletBackendApplication in 11.944 seconds (process running for 13.301)
2025-09-22 10:27:25 [http-nio-5000-exec-2] INFO  o.a.c.c.C.[Tomcat].[localhost].[/] - Initializing Spring DispatcherServlet 'dispatcherServlet'
2025-09-22 10:27:25 [http-nio-5000-exec-2] INFO  o.s.web.servlet.DispatcherServlet - Initializing Servlet 'dispatcherServlet'
2025-09-22 10:27:25 [http-nio-5000-exec-2] DEBUG o.s.web.servlet.DispatcherServlet - Detected StandardServletMultipartResolver
2025-09-22 10:27:25 [http-nio-5000-exec-2] DEBUG o.s.web.servlet.DispatcherServlet - Detected AcceptHeaderLocaleResolver
2025-09-22 10:27:25 [http-nio-5000-exec-2] DEBUG o.s.web.servlet.DispatcherServlet - Detected FixedThemeResolver
2025-09-22 10:27:25 [http-nio-5000-exec-2] DEBUG o.s.web.servlet.DispatcherServlet - Detected org.springframework.web.servlet.view.DefaultRequestToViewNameTranslator@444e4fac
2025-09-22 10:27:25 [http-nio-5000-exec-2] DEBUG o.s.web.servlet.DispatcherServlet - Detected org.springframework.web.servlet.support.SessionFlashMapManager@4510bbb7
2025-09-22 10:27:25 [http-nio-5000-exec-2] DEBUG o.s.web.servlet.DispatcherServlet - enableLoggingRequestDetails='false': request parameters and headers will be masked to prevent unsafe logging of potentially sensitive data
2025-09-22 10:27:25 [http-nio-5000-exec-2] INFO  o.s.web.servlet.DispatcherServlet - Completed initialization in 18 ms
2025-09-22 10:27:25 [http-nio-5000-exec-2] DEBUG o.s.web.servlet.DispatcherServlet - GET "/api/upload/user/submissions?walletAddress=8c056ccb92c567da3fee27c23d4f2f107f203879&page=0&size=50", parameters={masked}
2025-09-22 10:27:25 [http-nio-5000-exec-2] DEBUG o.s.w.s.m.m.a.RequestMappingHandlerMapping - Mapped to com.brokerwallet.controller.FileUploadController#getUserSubmissions(String, int, int)
2025-09-22 10:27:25 [http-nio-5000-exec-2] INFO  c.b.controller.FileUploadController - 获取用户提交历史: 8c056ccb92c567da3fee27c23d4f2f107f203879, page=0, size=50
2025-09-22 10:27:25 [http-nio-5000-exec-2] DEBUG org.hibernate.SQL - 
    select
        ua1_0.id,
        ua1_0.admin_approved_display,
        ua1_0.blockchain_bronze_medals,
        ua1_0.blockchain_gold_medals,
        ua1_0.blockchain_silver_medals,
        ua1_0.blockchain_sync_time,
        ua1_0.bronze_medals,
        ua1_0.create_time,
        ua1_0.display_name,
        ua1_0.gold_medals,
        ua1_0.representative_work,
        ua1_0.show_representative_work,
        ua1_0.silver_medals,
        ua1_0.status,
        ua1_0.total_nfts,
        ua1_0.total_proofs,
        ua1_0.update_time,
        ua1_0.verified_proofs,
        ua1_0.wallet_address 
    from
        user_accounts ua1_0 
    where
        ua1_0.wallet_address=?
2025-09-22 10:27:25 [http-nio-5000-exec-2] DEBUG org.hibernate.SQL - 
    select
        pf1_0.id,
        pf1_0.audit_status,
        pf1_0.audit_time,
        pf1_0.file_hash,
        pf1_0.file_name,
        pf1_0.file_path,
        pf1_0.file_size,
        pf1_0.file_type,
        pf1_0.medal_award_time,
        pf1_0.medal_awarded,
        pf1_0.medal_transaction_hash,
        pf1_0.original_name,
        pf1_0.status,
        pf1_0.upload_time,
        pf1_0.user_account_id 
    from
        proof_files pf1_0 
    where
        pf1_0.user_account_id=? 
    order by
        pf1_0.upload_time desc
2025-09-22 10:27:25 [http-nio-5000-exec-2] DEBUG org.hibernate.SQL - 
    select
        ni1_0.id,
        ni1_0.base64_data,
        ni1_0.image_hash,
        ni1_0.image_height,
        ni1_0.image_name,
        ni1_0.image_path,
        ni1_0.image_size,
        ni1_0.image_type,
        ni1_0.image_width,
        ni1_0.mint_status,
        ni1_0.nft_description,
        ni1_0.nft_name,
        ni1_0.original_name,
        ni1_0.proof_file_id,
        ni1_0.status,
        ni1_0.thumbnail_path,
        ni1_0.token_id,
        ni1_0.transaction_hash,
        ni1_0.upload_time,
        ni1_0.user_account_id 
    from
        nft_images ni1_0 
    where
        ni1_0.proof_file_id=?
2025-09-22 10:27:25 [http-nio-5000-exec-2] DEBUG org.hibernate.SQL - 
    select
        ni1_0.id,
        ni1_0.base64_data,
        ni1_0.image_hash,
        ni1_0.image_height,
        ni1_0.image_name,
        ni1_0.image_path,
        ni1_0.image_size,
        ni1_0.image_type,
        ni1_0.image_width,
        ni1_0.mint_status,
        ni1_0.nft_description,
        ni1_0.nft_name,
        ni1_0.original_name,
        ni1_0.proof_file_id,
        ni1_0.status,
        ni1_0.thumbnail_path,
        ni1_0.token_id,
        ni1_0.transaction_hash,
        ni1_0.upload_time,
        ni1_0.user_account_id 
    from
        nft_images ni1_0 
    where
        ni1_0.proof_file_id=?
2025-09-22 10:27:25 [http-nio-5000-exec-2] DEBUG org.hibernate.SQL - 
    select
        ni1_0.id,
        ni1_0.base64_data,
        ni1_0.image_hash,
        ni1_0.image_height,
        ni1_0.image_name,
        ni1_0.image_path,
        ni1_0.image_size,
        ni1_0.image_type,
        ni1_0.image_width,
        ni1_0.mint_status,
        ni1_0.nft_description,
        ni1_0.nft_name,
        ni1_0.original_name,
        ni1_0.proof_file_id,
        ni1_0.status,
        ni1_0.thumbnail_path,
        ni1_0.token_id,
        ni1_0.transaction_hash,
        ni1_0.upload_time,
        ni1_0.user_account_id 
    from
        nft_images ni1_0 
    where
        ni1_0.proof_file_id=?
2025-09-22 10:27:25 [http-nio-5000-exec-2] DEBUG org.hibernate.SQL - 
    select
        ni1_0.id,
        ni1_0.base64_data,
        ni1_0.image_hash,
        ni1_0.image_height,
        ni1_0.image_name,
        ni1_0.image_path,
        ni1_0.image_size,
        ni1_0.image_type,
        ni1_0.image_width,
        ni1_0.mint_status,
        ni1_0.nft_description,
        ni1_0.nft_name,
        ni1_0.original_name,
        ni1_0.proof_file_id,
        ni1_0.status,
        ni1_0.thumbnail_path,
        ni1_0.token_id,
        ni1_0.transaction_hash,
        ni1_0.upload_time,
        ni1_0.user_account_id 
    from
        nft_images ni1_0 
    where
        ni1_0.proof_file_id=?
2025-09-22 10:27:25 [http-nio-5000-exec-2] DEBUG o.s.w.s.m.m.a.HttpEntityMethodProcessor - Using 'application/json', given [application/json, text/plain, */*] and supported [application/json, application/*+json]
2025-09-22 10:27:25 [http-nio-5000-exec-2] DEBUG o.s.w.s.m.m.a.HttpEntityMethodProcessor - Writing [{pagination={currentPage=0, pageSize=50, totalPages=1, totalItems=4}, data=[{auditStatusDesc=等待审核, f (truncated)...]
2025-09-22 10:27:25 [http-nio-5000-exec-2] DEBUG o.s.web.servlet.DispatcherServlet - Completed 200 OK
2025-09-22 10:32:40 [http-nio-5000-exec-3] DEBUG o.s.web.servlet.DispatcherServlet - GET "/api/upload/user/submissions?walletAddress=8c056ccb92c567da3fee27c23d4f2f107f203879&page=0&size=50", parameters={masked}
2025-09-22 10:32:40 [http-nio-5000-exec-3] DEBUG o.s.w.s.m.m.a.RequestMappingHandlerMapping - Mapped to com.brokerwallet.controller.FileUploadController#getUserSubmissions(String, int, int)
2025-09-22 10:32:40 [http-nio-5000-exec-3] INFO  c.b.controller.FileUploadController - 获取用户提交历史: 8c056ccb92c567da3fee27c23d4f2f107f203879, page=0, size=50
2025-09-22 10:32:40 [http-nio-5000-exec-3] DEBUG org.hibernate.SQL - 
    select
        ua1_0.id,
        ua1_0.admin_approved_display,
        ua1_0.blockchain_bronze_medals,
        ua1_0.blockchain_gold_medals,
        ua1_0.blockchain_silver_medals,
        ua1_0.blockchain_sync_time,
        ua1_0.bronze_medals,
        ua1_0.create_time,
        ua1_0.display_name,
        ua1_0.gold_medals,
        ua1_0.representative_work,
        ua1_0.show_representative_work,
        ua1_0.silver_medals,
        ua1_0.status,
        ua1_0.total_nfts,
        ua1_0.total_proofs,
        ua1_0.update_time,
        ua1_0.verified_proofs,
        ua1_0.wallet_address 
    from
        user_accounts ua1_0 
    where
        ua1_0.wallet_address=?
2025-09-22 10:32:40 [http-nio-5000-exec-3] DEBUG org.hibernate.SQL - 
    select
        pf1_0.id,
        pf1_0.audit_status,
        pf1_0.audit_time,
        pf1_0.file_hash,
        pf1_0.file_name,
        pf1_0.file_path,
        pf1_0.file_size,
        pf1_0.file_type,
        pf1_0.medal_award_time,
        pf1_0.medal_awarded,
        pf1_0.medal_transaction_hash,
        pf1_0.original_name,
        pf1_0.status,
        pf1_0.upload_time,
        pf1_0.user_account_id 
    from
        proof_files pf1_0 
    where
        pf1_0.user_account_id=? 
    order by
        pf1_0.upload_time desc
2025-09-22 10:32:40 [http-nio-5000-exec-3] DEBUG org.hibernate.SQL - 
    select
        ni1_0.id,
        ni1_0.base64_data,
        ni1_0.image_hash,
        ni1_0.image_height,
        ni1_0.image_name,
        ni1_0.image_path,
        ni1_0.image_size,
        ni1_0.image_type,
        ni1_0.image_width,
        ni1_0.mint_status,
        ni1_0.nft_description,
        ni1_0.nft_name,
        ni1_0.original_name,
        ni1_0.proof_file_id,
        ni1_0.status,
        ni1_0.thumbnail_path,
        ni1_0.token_id,
        ni1_0.transaction_hash,
        ni1_0.upload_time,
        ni1_0.user_account_id 
    from
        nft_images ni1_0 
    where
        ni1_0.proof_file_id=?
2025-09-22 10:32:40 [http-nio-5000-exec-3] DEBUG org.hibernate.SQL - 
    select
        ni1_0.id,
        ni1_0.base64_data,
        ni1_0.image_hash,
        ni1_0.image_height,
        ni1_0.image_name,
        ni1_0.image_path,
        ni1_0.image_size,
        ni1_0.image_type,
        ni1_0.image_width,
        ni1_0.mint_status,
        ni1_0.nft_description,
        ni1_0.nft_name,
        ni1_0.original_name,
        ni1_0.proof_file_id,
        ni1_0.status,
        ni1_0.thumbnail_path,
        ni1_0.token_id,
        ni1_0.transaction_hash,
        ni1_0.upload_time,
        ni1_0.user_account_id 
    from
        nft_images ni1_0 
    where
        ni1_0.proof_file_id=?
2025-09-22 10:32:40 [http-nio-5000-exec-3] DEBUG org.hibernate.SQL - 
    select
        ni1_0.id,
        ni1_0.base64_data,
        ni1_0.image_hash,
        ni1_0.image_height,
        ni1_0.image_name,
        ni1_0.image_path,
        ni1_0.image_size,
        ni1_0.image_type,
        ni1_0.image_width,
        ni1_0.mint_status,
        ni1_0.nft_description,
        ni1_0.nft_name,
        ni1_0.original_name,
        ni1_0.proof_file_id,
        ni1_0.status,
        ni1_0.thumbnail_path,
        ni1_0.token_id,
        ni1_0.transaction_hash,
        ni1_0.upload_time,
        ni1_0.user_account_id 
    from
        nft_images ni1_0 
    where
        ni1_0.proof_file_id=?
2025-09-22 10:32:40 [http-nio-5000-exec-3] DEBUG org.hibernate.SQL - 
    select
        ni1_0.id,
        ni1_0.base64_data,
        ni1_0.image_hash,
        ni1_0.image_height,
        ni1_0.image_name,
        ni1_0.image_path,
        ni1_0.image_size,
        ni1_0.image_type,
        ni1_0.image_width,
        ni1_0.mint_status,
        ni1_0.nft_description,
        ni1_0.nft_name,
        ni1_0.original_name,
        ni1_0.proof_file_id,
        ni1_0.status,
        ni1_0.thumbnail_path,
        ni1_0.token_id,
        ni1_0.transaction_hash,
        ni1_0.upload_time,
        ni1_0.user_account_id 
    from
        nft_images ni1_0 
    where
        ni1_0.proof_file_id=?
2025-09-22 10:32:40 [http-nio-5000-exec-3] DEBUG o.s.w.s.m.m.a.HttpEntityMethodProcessor - Using 'application/json', given [application/json, text/plain, */*] and supported [application/json, application/*+json]
2025-09-22 10:32:40 [http-nio-5000-exec-3] DEBUG o.s.w.s.m.m.a.HttpEntityMethodProcessor - Writing [{pagination={currentPage=0, pageSize=50, totalPages=1, totalItems=4}, data=[{auditStatusDesc=等待审核, f (truncated)...]
2025-09-22 10:32:40 [http-nio-5000-exec-3] DEBUG o.s.web.servlet.DispatcherServlet - Completed 200 OK
2025-09-22 10:35:41 [http-nio-5000-exec-5] DEBUG o.s.web.servlet.DispatcherServlet - GET "/api/upload/user/submissions?walletAddress=8c056ccb92c567da3fee27c23d4f2f107f203879&page=0&size=50", parameters={masked}
2025-09-22 10:35:41 [http-nio-5000-exec-5] DEBUG o.s.w.s.m.m.a.RequestMappingHandlerMapping - Mapped to com.brokerwallet.controller.FileUploadController#getUserSubmissions(String, int, int)
2025-09-22 10:35:41 [http-nio-5000-exec-5] INFO  c.b.controller.FileUploadController - 获取用户提交历史: 8c056ccb92c567da3fee27c23d4f2f107f203879, page=0, size=50
2025-09-22 10:35:41 [http-nio-5000-exec-5] DEBUG org.hibernate.SQL - 
    select
        ua1_0.id,
        ua1_0.admin_approved_display,
        ua1_0.blockchain_bronze_medals,
        ua1_0.blockchain_gold_medals,
        ua1_0.blockchain_silver_medals,
        ua1_0.blockchain_sync_time,
        ua1_0.bronze_medals,
        ua1_0.create_time,
        ua1_0.display_name,
        ua1_0.gold_medals,
        ua1_0.representative_work,
        ua1_0.show_representative_work,
        ua1_0.silver_medals,
        ua1_0.status,
        ua1_0.total_nfts,
        ua1_0.total_proofs,
        ua1_0.update_time,
        ua1_0.verified_proofs,
        ua1_0.wallet_address 
    from
        user_accounts ua1_0 
    where
        ua1_0.wallet_address=?
2025-09-22 10:35:41 [http-nio-5000-exec-5] DEBUG org.hibernate.SQL - 
    select
        pf1_0.id,
        pf1_0.audit_status,
        pf1_0.audit_time,
        pf1_0.file_hash,
        pf1_0.file_name,
        pf1_0.file_path,
        pf1_0.file_size,
        pf1_0.file_type,
        pf1_0.medal_award_time,
        pf1_0.medal_awarded,
        pf1_0.medal_transaction_hash,
        pf1_0.original_name,
        pf1_0.status,
        pf1_0.upload_time,
        pf1_0.user_account_id 
    from
        proof_files pf1_0 
    where
        pf1_0.user_account_id=? 
    order by
        pf1_0.upload_time desc
2025-09-22 10:35:41 [http-nio-5000-exec-5] DEBUG org.hibernate.SQL - 
    select
        ni1_0.id,
        ni1_0.base64_data,
        ni1_0.image_hash,
        ni1_0.image_height,
        ni1_0.image_name,
        ni1_0.image_path,
        ni1_0.image_size,
        ni1_0.image_type,
        ni1_0.image_width,
        ni1_0.mint_status,
        ni1_0.nft_description,
        ni1_0.nft_name,
        ni1_0.original_name,
        ni1_0.proof_file_id,
        ni1_0.status,
        ni1_0.thumbnail_path,
        ni1_0.token_id,
        ni1_0.transaction_hash,
        ni1_0.upload_time,
        ni1_0.user_account_id 
    from
        nft_images ni1_0 
    where
        ni1_0.proof_file_id=?
2025-09-22 10:35:41 [http-nio-5000-exec-5] DEBUG org.hibernate.SQL - 
    select
        ni1_0.id,
        ni1_0.base64_data,
        ni1_0.image_hash,
        ni1_0.image_height,
        ni1_0.image_name,
        ni1_0.image_path,
        ni1_0.image_size,
        ni1_0.image_type,
        ni1_0.image_width,
        ni1_0.mint_status,
        ni1_0.nft_description,
        ni1_0.nft_name,
        ni1_0.original_name,
        ni1_0.proof_file_id,
        ni1_0.status,
        ni1_0.thumbnail_path,
        ni1_0.token_id,
        ni1_0.transaction_hash,
        ni1_0.upload_time,
        ni1_0.user_account_id 
    from
        nft_images ni1_0 
    where
        ni1_0.proof_file_id=?
2025-09-22 10:35:41 [http-nio-5000-exec-5] DEBUG org.hibernate.SQL - 
    select
        ni1_0.id,
        ni1_0.base64_data,
        ni1_0.image_hash,
        ni1_0.image_height,
        ni1_0.image_name,
        ni1_0.image_path,
        ni1_0.image_size,
        ni1_0.image_type,
        ni1_0.image_width,
        ni1_0.mint_status,
        ni1_0.nft_description,
        ni1_0.nft_name,
        ni1_0.original_name,
        ni1_0.proof_file_id,
        ni1_0.status,
        ni1_0.thumbnail_path,
        ni1_0.token_id,
        ni1_0.transaction_hash,
        ni1_0.upload_time,
        ni1_0.user_account_id 
    from
        nft_images ni1_0 
    where
        ni1_0.proof_file_id=?
2025-09-22 10:35:41 [http-nio-5000-exec-5] DEBUG org.hibernate.SQL - 
    select
        ni1_0.id,
        ni1_0.base64_data,
        ni1_0.image_hash,
        ni1_0.image_height,
        ni1_0.image_name,
        ni1_0.image_path,
        ni1_0.image_size,
        ni1_0.image_type,
        ni1_0.image_width,
        ni1_0.mint_status,
        ni1_0.nft_description,
        ni1_0.nft_name,
        ni1_0.original_name,
        ni1_0.proof_file_id,
        ni1_0.status,
        ni1_0.thumbnail_path,
        ni1_0.token_id,
        ni1_0.transaction_hash,
        ni1_0.upload_time,
        ni1_0.user_account_id 
    from
        nft_images ni1_0 
    where
        ni1_0.proof_file_id=?
2025-09-22 10:35:41 [http-nio-5000-exec-5] DEBUG o.s.w.s.m.m.a.HttpEntityMethodProcessor - Using 'application/json', given [application/json, text/plain, */*] and supported [application/json, application/*+json]
2025-09-22 10:35:41 [http-nio-5000-exec-5] DEBUG o.s.w.s.m.m.a.HttpEntityMethodProcessor - Writing [{pagination={currentPage=0, pageSize=50, totalPages=1, totalItems=4}, data=[{auditStatusDesc=等待审核, f (truncated)...]
2025-09-22 10:35:41 [http-nio-5000-exec-5] DEBUG o.s.web.servlet.DispatcherServlet - Completed 200 OK
2025-09-22 10:37:14 [http-nio-5000-exec-7] DEBUG o.s.web.servlet.DispatcherServlet - GET "/api/upload/user/submissions?walletAddress=8c056ccb92c567da3fee27c23d4f2f107f203879&page=0&size=50", parameters={masked}
2025-09-22 10:37:14 [http-nio-5000-exec-7] DEBUG o.s.w.s.m.m.a.RequestMappingHandlerMapping - Mapped to com.brokerwallet.controller.FileUploadController#getUserSubmissions(String, int, int)
2025-09-22 10:37:14 [http-nio-5000-exec-7] INFO  c.b.controller.FileUploadController - 获取用户提交历史: 8c056ccb92c567da3fee27c23d4f2f107f203879, page=0, size=50
2025-09-22 10:37:14 [http-nio-5000-exec-7] DEBUG org.hibernate.SQL - 
    select
        ua1_0.id,
        ua1_0.admin_approved_display,
        ua1_0.blockchain_bronze_medals,
        ua1_0.blockchain_gold_medals,
        ua1_0.blockchain_silver_medals,
        ua1_0.blockchain_sync_time,
        ua1_0.bronze_medals,
        ua1_0.create_time,
        ua1_0.display_name,
        ua1_0.gold_medals,
        ua1_0.representative_work,
        ua1_0.show_representative_work,
        ua1_0.silver_medals,
        ua1_0.status,
        ua1_0.total_nfts,
        ua1_0.total_proofs,
        ua1_0.update_time,
        ua1_0.verified_proofs,
        ua1_0.wallet_address 
    from
        user_accounts ua1_0 
    where
        ua1_0.wallet_address=?
2025-09-22 10:37:14 [http-nio-5000-exec-7] DEBUG org.hibernate.SQL - 
    select
        pf1_0.id,
        pf1_0.audit_status,
        pf1_0.audit_time,
        pf1_0.file_hash,
        pf1_0.file_name,
        pf1_0.file_path,
        pf1_0.file_size,
        pf1_0.file_type,
        pf1_0.medal_award_time,
        pf1_0.medal_awarded,
        pf1_0.medal_transaction_hash,
        pf1_0.original_name,
        pf1_0.status,
        pf1_0.upload_time,
        pf1_0.user_account_id 
    from
        proof_files pf1_0 
    where
        pf1_0.user_account_id=? 
    order by
        pf1_0.upload_time desc
2025-09-22 10:37:14 [http-nio-5000-exec-7] DEBUG org.hibernate.SQL - 
    select
        ni1_0.id,
        ni1_0.base64_data,
        ni1_0.image_hash,
        ni1_0.image_height,
        ni1_0.image_name,
        ni1_0.image_path,
        ni1_0.image_size,
        ni1_0.image_type,
        ni1_0.image_width,
        ni1_0.mint_status,
        ni1_0.nft_description,
        ni1_0.nft_name,
        ni1_0.original_name,
        ni1_0.proof_file_id,
        ni1_0.status,
        ni1_0.thumbnail_path,
        ni1_0.token_id,
        ni1_0.transaction_hash,
        ni1_0.upload_time,
        ni1_0.user_account_id 
    from
        nft_images ni1_0 
    where
        ni1_0.proof_file_id=?
2025-09-22 10:37:14 [http-nio-5000-exec-7] DEBUG org.hibernate.SQL - 
    select
        ni1_0.id,
        ni1_0.base64_data,
        ni1_0.image_hash,
        ni1_0.image_height,
        ni1_0.image_name,
        ni1_0.image_path,
        ni1_0.image_size,
        ni1_0.image_type,
        ni1_0.image_width,
        ni1_0.mint_status,
        ni1_0.nft_description,
        ni1_0.nft_name,
        ni1_0.original_name,
        ni1_0.proof_file_id,
        ni1_0.status,
        ni1_0.thumbnail_path,
        ni1_0.token_id,
        ni1_0.transaction_hash,
        ni1_0.upload_time,
        ni1_0.user_account_id 
    from
        nft_images ni1_0 
    where
        ni1_0.proof_file_id=?
2025-09-22 10:37:14 [http-nio-5000-exec-7] DEBUG org.hibernate.SQL - 
    select
        ni1_0.id,
        ni1_0.base64_data,
        ni1_0.image_hash,
        ni1_0.image_height,
        ni1_0.image_name,
        ni1_0.image_path,
        ni1_0.image_size,
        ni1_0.image_type,
        ni1_0.image_width,
        ni1_0.mint_status,
        ni1_0.nft_description,
        ni1_0.nft_name,
        ni1_0.original_name,
        ni1_0.proof_file_id,
        ni1_0.status,
        ni1_0.thumbnail_path,
        ni1_0.token_id,
        ni1_0.transaction_hash,
        ni1_0.upload_time,
        ni1_0.user_account_id 
    from
        nft_images ni1_0 
    where
        ni1_0.proof_file_id=?
2025-09-22 10:37:14 [http-nio-5000-exec-7] DEBUG org.hibernate.SQL - 
    select
        ni1_0.id,
        ni1_0.base64_data,
        ni1_0.image_hash,
        ni1_0.image_height,
        ni1_0.image_name,
        ni1_0.image_path,
        ni1_0.image_size,
        ni1_0.image_type,
        ni1_0.image_width,
        ni1_0.mint_status,
        ni1_0.nft_description,
        ni1_0.nft_name,
        ni1_0.original_name,
        ni1_0.proof_file_id,
        ni1_0.status,
        ni1_0.thumbnail_path,
        ni1_0.token_id,
        ni1_0.transaction_hash,
        ni1_0.upload_time,
        ni1_0.user_account_id 
    from
        nft_images ni1_0 
    where
        ni1_0.proof_file_id=?
2025-09-22 10:37:14 [http-nio-5000-exec-7] DEBUG o.s.w.s.m.m.a.HttpEntityMethodProcessor - Using 'application/json', given [application/json, text/plain, */*] and supported [application/json, application/*+json]
2025-09-22 10:37:14 [http-nio-5000-exec-7] DEBUG o.s.w.s.m.m.a.HttpEntityMethodProcessor - Writing [{pagination={currentPage=0, pageSize=50, totalPages=1, totalItems=4}, data=[{auditStatusDesc=等待审核, f (truncated)...]
2025-09-22 10:37:14 [http-nio-5000-exec-7] DEBUG o.s.web.servlet.DispatcherServlet - Completed 200 OK
2025-09-22 11:24:59 [http-nio-5000-exec-9] DEBUG o.s.web.servlet.DispatcherServlet - GET "/api/medal/ranking", parameters={}
2025-09-22 11:24:59 [http-nio-5000-exec-9] DEBUG o.s.w.s.m.m.a.RequestMappingHandlerMapping - Mapped to com.brokerwallet.controller.MedalRankingController#getMedalRanking(int, int)
2025-09-22 11:24:59 [http-nio-5000-exec-9] INFO  c.b.c.MedalRankingController - 获取勋章排行榜: page=0, size=20
2025-09-22 11:25:00 [http-nio-5000-exec-9] INFO  c.b.service.UserAccountService - 查询勋章排行榜: page=0, size=20
2025-09-22 11:25:00 [http-nio-5000-exec-9] DEBUG org.hibernate.SQL - 
    select
        ua1_0.id,
        ua1_0.admin_approved_display,
        ua1_0.blockchain_bronze_medals,
        ua1_0.blockchain_gold_medals,
        ua1_0.blockchain_silver_medals,
        ua1_0.blockchain_sync_time,
        ua1_0.bronze_medals,
        ua1_0.create_time,
        ua1_0.display_name,
        ua1_0.gold_medals,
        ua1_0.representative_work,
        ua1_0.show_representative_work,
        ua1_0.silver_medals,
        ua1_0.status,
        ua1_0.total_nfts,
        ua1_0.total_proofs,
        ua1_0.update_time,
        ua1_0.verified_proofs,
        ua1_0.wallet_address 
    from
        user_accounts ua1_0 
    order by
        (((ua1_0.gold_medals*3)+(ua1_0.silver_medals*2))+ua1_0.bronze_medals) desc,
        ua1_0.gold_medals desc,
        ua1_0.silver_medals desc 
    limit
        ?, ?
2025-09-22 11:25:00 [http-nio-5000-exec-9] INFO  c.b.c.MedalRankingController - 排行榜查询成功，返回1条记录
2025-09-22 11:25:00 [http-nio-5000-exec-9] DEBUG o.s.w.s.m.m.a.HttpEntityMethodProcessor - Using 'application/json', given [*/*] and supported [application/json, application/*+json]
2025-09-22 11:25:00 [http-nio-5000-exec-9] DEBUG o.s.w.s.m.m.a.HttpEntityMethodProcessor - Writing [{data=[{displayName=匿名用户, goldMedals=0, bronzeMedals=0, representativeWork=null, silverMedals=0, tot (truncated)...]
2025-09-22 11:25:00 [http-nio-5000-exec-9] DEBUG o.s.web.servlet.DispatcherServlet - Completed 200 OK
2025-09-22 11:30:10 [http-nio-5000-exec-2] DEBUG o.s.web.servlet.DispatcherServlet - GET "/api/medal/ranking", parameters={}
2025-09-22 11:30:10 [http-nio-5000-exec-2] DEBUG o.s.w.s.m.m.a.RequestMappingHandlerMapping - Mapped to com.brokerwallet.controller.MedalRankingController#getMedalRanking(int, int)
2025-09-22 11:30:10 [http-nio-5000-exec-2] DEBUG o.s.w.s.m.m.a.HttpEntityMethodProcessor - Using 'application/json', given [*/*] and supported [application/json, application/*+json]
2025-09-22 11:30:10 [http-nio-5000-exec-2] DEBUG o.s.w.s.m.m.a.HttpEntityMethodProcessor - Writing [{data=[{displayName=匿名用户, goldMedals=0, bronzeMedals=0, representativeWork=null, silverMedals=0, tot (truncated)...]
2025-09-22 11:30:10 [http-nio-5000-exec-2] DEBUG o.s.web.servlet.DispatcherServlet - Completed 200 OK
2025-09-22 11:30:12 [http-nio-5000-exec-1] DEBUG o.s.web.servlet.DispatcherServlet - GET "/api/upload/user/submissions?walletAddress=8c056ccb92c567da3fee27c23d4f2f107f203879&page=0&size=10", parameters={masked}
2025-09-22 11:30:12 [http-nio-5000-exec-1] DEBUG o.s.w.s.m.m.a.RequestMappingHandlerMapping - Mapped to com.brokerwallet.controller.FileUploadController#getUserSubmissions(String, int, int)
2025-09-22 11:30:12 [http-nio-5000-exec-1] INFO  c.b.controller.FileUploadController - 获取用户提交历史: 8c056ccb92c567da3fee27c23d4f2f107f203879, page=0, size=10
2025-09-22 11:30:12 [http-nio-5000-exec-1] DEBUG org.hibernate.SQL - 
    select
        ua1_0.id,
        ua1_0.admin_approved_display,
        ua1_0.blockchain_bronze_medals,
        ua1_0.blockchain_gold_medals,
        ua1_0.blockchain_silver_medals,
        ua1_0.blockchain_sync_time,
        ua1_0.bronze_medals,
        ua1_0.create_time,
        ua1_0.display_name,
        ua1_0.gold_medals,
        ua1_0.representative_work,
        ua1_0.show_representative_work,
        ua1_0.silver_medals,
        ua1_0.status,
        ua1_0.total_nfts,
        ua1_0.total_proofs,
        ua1_0.update_time,
        ua1_0.verified_proofs,
        ua1_0.wallet_address 
    from
        user_accounts ua1_0 
    where
        ua1_0.wallet_address=?
2025-09-22 11:30:12 [http-nio-5000-exec-1] DEBUG org.hibernate.SQL - 
    select
        pf1_0.id,
        pf1_0.audit_status,
        pf1_0.audit_time,
        pf1_0.file_hash,
        pf1_0.file_name,
        pf1_0.file_path,
        pf1_0.file_size,
        pf1_0.file_type,
        pf1_0.medal_award_time,
        pf1_0.medal_awarded,
        pf1_0.medal_transaction_hash,
        pf1_0.original_name,
        pf1_0.status,
        pf1_0.upload_time,
        pf1_0.user_account_id 
    from
        proof_files pf1_0 
    where
        pf1_0.user_account_id=? 
    order by
        pf1_0.upload_time desc
2025-09-22 11:30:12 [http-nio-5000-exec-1] DEBUG org.hibernate.SQL - 
    select
        ni1_0.id,
        ni1_0.base64_data,
        ni1_0.image_hash,
        ni1_0.image_height,
        ni1_0.image_name,
        ni1_0.image_path,
        ni1_0.image_size,
        ni1_0.image_type,
        ni1_0.image_width,
        ni1_0.mint_status,
        ni1_0.nft_description,
        ni1_0.nft_name,
        ni1_0.original_name,
        ni1_0.proof_file_id,
        ni1_0.status,
        ni1_0.thumbnail_path,
        ni1_0.token_id,
        ni1_0.transaction_hash,
        ni1_0.upload_time,
        ni1_0.user_account_id 
    from
        nft_images ni1_0 
    where
        ni1_0.proof_file_id=?
2025-09-22 11:30:12 [http-nio-5000-exec-1] DEBUG org.hibernate.SQL - 
    select
        ni1_0.id,
        ni1_0.base64_data,
        ni1_0.image_hash,
        ni1_0.image_height,
        ni1_0.image_name,
        ni1_0.image_path,
        ni1_0.image_size,
        ni1_0.image_type,
        ni1_0.image_width,
        ni1_0.mint_status,
        ni1_0.nft_description,
        ni1_0.nft_name,
        ni1_0.original_name,
        ni1_0.proof_file_id,
        ni1_0.status,
        ni1_0.thumbnail_path,
        ni1_0.token_id,
        ni1_0.transaction_hash,
        ni1_0.upload_time,
        ni1_0.user_account_id 
    from
        nft_images ni1_0 
    where
        ni1_0.proof_file_id=?
2025-09-22 11:30:12 [http-nio-5000-exec-1] DEBUG org.hibernate.SQL - 
    select
        ni1_0.id,
        ni1_0.base64_data,
        ni1_0.image_hash,
        ni1_0.image_height,
        ni1_0.image_name,
        ni1_0.image_path,
        ni1_0.image_size,
        ni1_0.image_type,
        ni1_0.image_width,
        ni1_0.mint_status,
        ni1_0.nft_description,
        ni1_0.nft_name,
        ni1_0.original_name,
        ni1_0.proof_file_id,
        ni1_0.status,
        ni1_0.thumbnail_path,
        ni1_0.token_id,
        ni1_0.transaction_hash,
        ni1_0.upload_time,
        ni1_0.user_account_id 
    from
        nft_images ni1_0 
    where
        ni1_0.proof_file_id=?
2025-09-22 11:30:12 [http-nio-5000-exec-1] DEBUG org.hibernate.SQL - 
    select
        ni1_0.id,
        ni1_0.base64_data,
        ni1_0.image_hash,
        ni1_0.image_height,
        ni1_0.image_name,
        ni1_0.image_path,
        ni1_0.image_size,
        ni1_0.image_type,
        ni1_0.image_width,
        ni1_0.mint_status,
        ni1_0.nft_description,
        ni1_0.nft_name,
        ni1_0.original_name,
        ni1_0.proof_file_id,
        ni1_0.status,
        ni1_0.thumbnail_path,
        ni1_0.token_id,
        ni1_0.transaction_hash,
        ni1_0.upload_time,
        ni1_0.user_account_id 
    from
        nft_images ni1_0 
    where
        ni1_0.proof_file_id=?
2025-09-22 11:30:12 [http-nio-5000-exec-1] DEBUG o.s.w.s.m.m.a.HttpEntityMethodProcessor - Using 'application/json', given [*/*] and supported [application/json, application/*+json]
2025-09-22 11:30:12 [http-nio-5000-exec-1] DEBUG o.s.w.s.m.m.a.HttpEntityMethodProcessor - Writing [{pagination={currentPage=0, pageSize=10, totalPages=1, totalItems=4}, data=[{auditStatusDesc=等待审核, f (truncated)...]
2025-09-22 11:30:12 [http-nio-5000-exec-1] DEBUG o.s.web.servlet.DispatcherServlet - Completed 200 OK
2025-09-22 11:30:18 [http-nio-5000-exec-3] DEBUG o.s.web.servlet.DispatcherServlet - GET "/api/upload/submission/detail/19", parameters={}
2025-09-22 11:30:18 [http-nio-5000-exec-3] DEBUG o.s.w.s.m.m.a.RequestMappingHandlerMapping - Mapped to com.brokerwallet.controller.FileUploadController#getSubmissionDetail(Long)
2025-09-22 11:30:18 [http-nio-5000-exec-3] INFO  c.b.controller.FileUploadController - 获取提交详情: 19
2025-09-22 11:30:18 [http-nio-5000-exec-3] DEBUG org.hibernate.SQL - 
    select
        pf1_0.id,
        pf1_0.audit_status,
        pf1_0.audit_time,
        pf1_0.file_hash,
        pf1_0.file_name,
        pf1_0.file_path,
        pf1_0.file_size,
        pf1_0.file_type,
        pf1_0.medal_award_time,
        pf1_0.medal_awarded,
        pf1_0.medal_transaction_hash,
        pf1_0.original_name,
        pf1_0.status,
        pf1_0.upload_time,
        pf1_0.user_account_id 
    from
        proof_files pf1_0 
    where
        pf1_0.id=?
2025-09-22 11:30:18 [http-nio-5000-exec-3] DEBUG org.hibernate.SQL - 
    select
        ua1_0.id,
        ua1_0.admin_approved_display,
        ua1_0.blockchain_bronze_medals,
        ua1_0.blockchain_gold_medals,
        ua1_0.blockchain_silver_medals,
        ua1_0.blockchain_sync_time,
        ua1_0.bronze_medals,
        ua1_0.create_time,
        ua1_0.display_name,
        ua1_0.gold_medals,
        ua1_0.representative_work,
        ua1_0.show_representative_work,
        ua1_0.silver_medals,
        ua1_0.status,
        ua1_0.total_nfts,
        ua1_0.total_proofs,
        ua1_0.update_time,
        ua1_0.verified_proofs,
        ua1_0.wallet_address 
    from
        user_accounts ua1_0 
    where
        ua1_0.id=?
2025-09-22 11:30:18 [http-nio-5000-exec-3] DEBUG o.s.w.s.m.m.a.HttpEntityMethodProcessor - Using 'application/json', given [*/*] and supported [application/json, application/*+json]
2025-09-22 11:30:18 [http-nio-5000-exec-3] DEBUG o.s.w.s.m.m.a.HttpEntityMethodProcessor - Writing [{data={auditStatusDesc=等待审核, fileName=79b1a60c1e834deca9bca40f41ca2b96_1758189455794.docx, submissio (truncated)...]
2025-09-22 11:30:18 [http-nio-5000-exec-3] DEBUG o.s.web.servlet.DispatcherServlet - Completed 200 OK
2025-09-22 11:34:24 [http-nio-5000-exec-6] DEBUG o.s.web.servlet.DispatcherServlet - GET "/api/upload/submission/detail/19", parameters={}
2025-09-22 11:34:24 [http-nio-5000-exec-6] DEBUG o.s.w.s.m.m.a.RequestMappingHandlerMapping - Mapped to com.brokerwallet.controller.FileUploadController#getSubmissionDetail(Long)
2025-09-22 11:34:24 [http-nio-5000-exec-6] INFO  c.b.controller.FileUploadController - 获取提交详情: 19
2025-09-22 11:34:24 [http-nio-5000-exec-6] DEBUG org.hibernate.SQL - 
    select
        pf1_0.id,
        pf1_0.audit_status,
        pf1_0.audit_time,
        pf1_0.file_hash,
        pf1_0.file_name,
        pf1_0.file_path,
        pf1_0.file_size,
        pf1_0.file_type,
        pf1_0.medal_award_time,
        pf1_0.medal_awarded,
        pf1_0.medal_transaction_hash,
        pf1_0.original_name,
        pf1_0.status,
        pf1_0.upload_time,
        pf1_0.user_account_id 
    from
        proof_files pf1_0 
    where
        pf1_0.id=?
2025-09-22 11:34:24 [http-nio-5000-exec-6] DEBUG org.hibernate.SQL - 
    select
        ua1_0.id,
        ua1_0.admin_approved_display,
        ua1_0.blockchain_bronze_medals,
        ua1_0.blockchain_gold_medals,
        ua1_0.blockchain_silver_medals,
        ua1_0.blockchain_sync_time,
        ua1_0.bronze_medals,
        ua1_0.create_time,
        ua1_0.display_name,
        ua1_0.gold_medals,
        ua1_0.representative_work,
        ua1_0.show_representative_work,
        ua1_0.silver_medals,
        ua1_0.status,
        ua1_0.total_nfts,
        ua1_0.total_proofs,
        ua1_0.update_time,
        ua1_0.verified_proofs,
        ua1_0.wallet_address 
    from
        user_accounts ua1_0 
    where
        ua1_0.id=?
2025-09-22 11:34:24 [http-nio-5000-exec-6] DEBUG o.s.w.s.m.m.a.HttpEntityMethodProcessor - Using 'application/json', given [*/*] and supported [application/json, application/*+json]
2025-09-22 11:34:24 [http-nio-5000-exec-6] DEBUG o.s.w.s.m.m.a.HttpEntityMethodProcessor - Writing [{data={auditStatusDesc=等待审核, fileName=79b1a60c1e834deca9bca40f41ca2b96_1758189455794.docx, submissio (truncated)...]
2025-09-22 11:34:24 [http-nio-5000-exec-6] DEBUG o.s.web.servlet.DispatcherServlet - Completed 200 OK
2025-09-22 11:39:37 [http-nio-5000-exec-8] DEBUG o.s.web.servlet.DispatcherServlet - GET "/api/medal/ranking", parameters={}
2025-09-22 11:39:37 [http-nio-5000-exec-8] DEBUG o.s.w.s.m.m.a.RequestMappingHandlerMapping - Mapped to com.brokerwallet.controller.MedalRankingController#getMedalRanking(int, int)
2025-09-22 11:39:37 [http-nio-5000-exec-8] DEBUG o.s.w.s.m.m.a.HttpEntityMethodProcessor - Using 'application/json', given [*/*] and supported [application/json, application/*+json]
2025-09-22 11:39:37 [http-nio-5000-exec-8] DEBUG o.s.w.s.m.m.a.HttpEntityMethodProcessor - Writing [{data=[{displayName=匿名用户, goldMedals=0, bronzeMedals=0, representativeWork=null, silverMedals=0, tot (truncated)...]
2025-09-22 11:39:37 [http-nio-5000-exec-8] DEBUG o.s.web.servlet.DispatcherServlet - Completed 200 OK
2025-09-22 11:39:38 [http-nio-5000-exec-9] DEBUG o.s.web.servlet.DispatcherServlet - GET "/api/upload/user/submissions?walletAddress=8c056ccb92c567da3fee27c23d4f2f107f203879&page=0&size=10", parameters={masked}
2025-09-22 11:39:38 [http-nio-5000-exec-9] DEBUG o.s.w.s.m.m.a.RequestMappingHandlerMapping - Mapped to com.brokerwallet.controller.FileUploadController#getUserSubmissions(String, int, int)
2025-09-22 11:39:38 [http-nio-5000-exec-9] INFO  c.b.controller.FileUploadController - 获取用户提交历史: 8c056ccb92c567da3fee27c23d4f2f107f203879, page=0, size=10
2025-09-22 11:39:38 [http-nio-5000-exec-9] DEBUG org.hibernate.SQL - 
    select
        ua1_0.id,
        ua1_0.admin_approved_display,
        ua1_0.blockchain_bronze_medals,
        ua1_0.blockchain_gold_medals,
        ua1_0.blockchain_silver_medals,
        ua1_0.blockchain_sync_time,
        ua1_0.bronze_medals,
        ua1_0.create_time,
        ua1_0.display_name,
        ua1_0.gold_medals,
        ua1_0.representative_work,
        ua1_0.show_representative_work,
        ua1_0.silver_medals,
        ua1_0.status,
        ua1_0.total_nfts,
        ua1_0.total_proofs,
        ua1_0.update_time,
        ua1_0.verified_proofs,
        ua1_0.wallet_address 
    from
        user_accounts ua1_0 
    where
        ua1_0.wallet_address=?
2025-09-22 11:39:38 [http-nio-5000-exec-9] DEBUG org.hibernate.SQL - 
    select
        pf1_0.id,
        pf1_0.audit_status,
        pf1_0.audit_time,
        pf1_0.file_hash,
        pf1_0.file_name,
        pf1_0.file_path,
        pf1_0.file_size,
        pf1_0.file_type,
        pf1_0.medal_award_time,
        pf1_0.medal_awarded,
        pf1_0.medal_transaction_hash,
        pf1_0.original_name,
        pf1_0.status,
        pf1_0.upload_time,
        pf1_0.user_account_id 
    from
        proof_files pf1_0 
    where
        pf1_0.user_account_id=? 
    order by
        pf1_0.upload_time desc
2025-09-22 11:39:38 [http-nio-5000-exec-9] DEBUG org.hibernate.SQL - 
    select
        ni1_0.id,
        ni1_0.base64_data,
        ni1_0.image_hash,
        ni1_0.image_height,
        ni1_0.image_name,
        ni1_0.image_path,
        ni1_0.image_size,
        ni1_0.image_type,
        ni1_0.image_width,
        ni1_0.mint_status,
        ni1_0.nft_description,
        ni1_0.nft_name,
        ni1_0.original_name,
        ni1_0.proof_file_id,
        ni1_0.status,
        ni1_0.thumbnail_path,
        ni1_0.token_id,
        ni1_0.transaction_hash,
        ni1_0.upload_time,
        ni1_0.user_account_id 
    from
        nft_images ni1_0 
    where
        ni1_0.proof_file_id=?
2025-09-22 11:39:38 [http-nio-5000-exec-9] DEBUG org.hibernate.SQL - 
    select
        ni1_0.id,
        ni1_0.base64_data,
        ni1_0.image_hash,
        ni1_0.image_height,
        ni1_0.image_name,
        ni1_0.image_path,
        ni1_0.image_size,
        ni1_0.image_type,
        ni1_0.image_width,
        ni1_0.mint_status,
        ni1_0.nft_description,
        ni1_0.nft_name,
        ni1_0.original_name,
        ni1_0.proof_file_id,
        ni1_0.status,
        ni1_0.thumbnail_path,
        ni1_0.token_id,
        ni1_0.transaction_hash,
        ni1_0.upload_time,
        ni1_0.user_account_id 
    from
        nft_images ni1_0 
    where
        ni1_0.proof_file_id=?
2025-09-22 11:39:38 [http-nio-5000-exec-9] DEBUG org.hibernate.SQL - 
    select
        ni1_0.id,
        ni1_0.base64_data,
        ni1_0.image_hash,
        ni1_0.image_height,
        ni1_0.image_name,
        ni1_0.image_path,
        ni1_0.image_size,
        ni1_0.image_type,
        ni1_0.image_width,
        ni1_0.mint_status,
        ni1_0.nft_description,
        ni1_0.nft_name,
        ni1_0.original_name,
        ni1_0.proof_file_id,
        ni1_0.status,
        ni1_0.thumbnail_path,
        ni1_0.token_id,
        ni1_0.transaction_hash,
        ni1_0.upload_time,
        ni1_0.user_account_id 
    from
        nft_images ni1_0 
    where
        ni1_0.proof_file_id=?
2025-09-22 11:39:38 [http-nio-5000-exec-9] DEBUG org.hibernate.SQL - 
    select
        ni1_0.id,
        ni1_0.base64_data,
        ni1_0.image_hash,
        ni1_0.image_height,
        ni1_0.image_name,
        ni1_0.image_path,
        ni1_0.image_size,
        ni1_0.image_type,
        ni1_0.image_width,
        ni1_0.mint_status,
        ni1_0.nft_description,
        ni1_0.nft_name,
        ni1_0.original_name,
        ni1_0.proof_file_id,
        ni1_0.status,
        ni1_0.thumbnail_path,
        ni1_0.token_id,
        ni1_0.transaction_hash,
        ni1_0.upload_time,
        ni1_0.user_account_id 
    from
        nft_images ni1_0 
    where
        ni1_0.proof_file_id=?
2025-09-22 11:39:38 [http-nio-5000-exec-9] DEBUG o.s.w.s.m.m.a.HttpEntityMethodProcessor - Using 'application/json', given [*/*] and supported [application/json, application/*+json]
2025-09-22 11:39:38 [http-nio-5000-exec-9] DEBUG o.s.w.s.m.m.a.HttpEntityMethodProcessor - Writing [{pagination={currentPage=0, pageSize=10, totalPages=1, totalItems=4}, data=[{auditStatusDesc=等待审核, f (truncated)...]
2025-09-22 11:39:38 [http-nio-5000-exec-9] DEBUG o.s.web.servlet.DispatcherServlet - Completed 200 OK
2025-09-22 11:39:40 [http-nio-5000-exec-10] DEBUG o.s.web.servlet.DispatcherServlet - GET "/api/upload/submission/detail/17", parameters={}
2025-09-22 11:39:40 [http-nio-5000-exec-10] DEBUG o.s.w.s.m.m.a.RequestMappingHandlerMapping - Mapped to com.brokerwallet.controller.FileUploadController#getSubmissionDetail(Long)
2025-09-22 11:39:40 [http-nio-5000-exec-10] INFO  c.b.controller.FileUploadController - 获取提交详情: 17
2025-09-22 11:39:40 [http-nio-5000-exec-10] DEBUG org.hibernate.SQL - 
    select
        pf1_0.id,
        pf1_0.audit_status,
        pf1_0.audit_time,
        pf1_0.file_hash,
        pf1_0.file_name,
        pf1_0.file_path,
        pf1_0.file_size,
        pf1_0.file_type,
        pf1_0.medal_award_time,
        pf1_0.medal_awarded,
        pf1_0.medal_transaction_hash,
        pf1_0.original_name,
        pf1_0.status,
        pf1_0.upload_time,
        pf1_0.user_account_id 
    from
        proof_files pf1_0 
    where
        pf1_0.id=?
2025-09-22 11:39:40 [http-nio-5000-exec-10] DEBUG org.hibernate.SQL - 
    select
        ua1_0.id,
        ua1_0.admin_approved_display,
        ua1_0.blockchain_bronze_medals,
        ua1_0.blockchain_gold_medals,
        ua1_0.blockchain_silver_medals,
        ua1_0.blockchain_sync_time,
        ua1_0.bronze_medals,
        ua1_0.create_time,
        ua1_0.display_name,
        ua1_0.gold_medals,
        ua1_0.representative_work,
        ua1_0.show_representative_work,
        ua1_0.silver_medals,
        ua1_0.status,
        ua1_0.total_nfts,
        ua1_0.total_proofs,
        ua1_0.update_time,
        ua1_0.verified_proofs,
        ua1_0.wallet_address 
    from
        user_accounts ua1_0 
    where
        ua1_0.id=?
2025-09-22 11:39:40 [http-nio-5000-exec-10] DEBUG o.s.w.s.m.m.a.HttpEntityMethodProcessor - Using 'application/json', given [*/*] and supported [application/json, application/*+json]
2025-09-22 11:39:40 [http-nio-5000-exec-10] DEBUG o.s.w.s.m.m.a.HttpEntityMethodProcessor - Writing [{data={auditStatusDesc=等待审核, fileName=1bd51835e1cc4cebaf6d3d517e13fb7b_1758189455827.docx, submissio (truncated)...]
2025-09-22 11:39:40 [http-nio-5000-exec-10] DEBUG o.s.web.servlet.DispatcherServlet - Completed 200 OK
2025-09-22 11:40:03 [http-nio-5000-exec-2] DEBUG o.s.web.servlet.DispatcherServlet - GET "/api/upload/submission/detail/20", parameters={}
2025-09-22 11:40:03 [http-nio-5000-exec-2] DEBUG o.s.w.s.m.m.a.RequestMappingHandlerMapping - Mapped to com.brokerwallet.controller.FileUploadController#getSubmissionDetail(Long)
2025-09-22 11:40:03 [http-nio-5000-exec-2] INFO  c.b.controller.FileUploadController - 获取提交详情: 20
2025-09-22 11:40:03 [http-nio-5000-exec-2] DEBUG org.hibernate.SQL - 
    select
        pf1_0.id,
        pf1_0.audit_status,
        pf1_0.audit_time,
        pf1_0.file_hash,
        pf1_0.file_name,
        pf1_0.file_path,
        pf1_0.file_size,
        pf1_0.file_type,
        pf1_0.medal_award_time,
        pf1_0.medal_awarded,
        pf1_0.medal_transaction_hash,
        pf1_0.original_name,
        pf1_0.status,
        pf1_0.upload_time,
        pf1_0.user_account_id 
    from
        proof_files pf1_0 
    where
        pf1_0.id=?
2025-09-22 11:40:03 [http-nio-5000-exec-2] DEBUG org.hibernate.SQL - 
    select
        ua1_0.id,
        ua1_0.admin_approved_display,
        ua1_0.blockchain_bronze_medals,
        ua1_0.blockchain_gold_medals,
        ua1_0.blockchain_silver_medals,
        ua1_0.blockchain_sync_time,
        ua1_0.bronze_medals,
        ua1_0.create_time,
        ua1_0.display_name,
        ua1_0.gold_medals,
        ua1_0.representative_work,
        ua1_0.show_representative_work,
        ua1_0.silver_medals,
        ua1_0.status,
        ua1_0.total_nfts,
        ua1_0.total_proofs,
        ua1_0.update_time,
        ua1_0.verified_proofs,
        ua1_0.wallet_address 
    from
        user_accounts ua1_0 
    where
        ua1_0.id=?
2025-09-22 11:40:03 [http-nio-5000-exec-2] DEBUG o.s.w.s.m.m.a.HttpEntityMethodProcessor - Using 'application/json', given [*/*] and supported [application/json, application/*+json]
2025-09-22 11:40:03 [http-nio-5000-exec-2] DEBUG o.s.w.s.m.m.a.HttpEntityMethodProcessor - Writing [{data={auditStatusDesc=等待审核, fileName=a6ab9f5751d3408a931e23f94f8dc107_1758182975497, submissionId=S (truncated)...]
2025-09-22 11:40:03 [http-nio-5000-exec-2] DEBUG o.s.web.servlet.DispatcherServlet - Completed 200 OK
